2022-06-10T03:18:30+00:00 CRITICAL Uncaught Exception: Invalid data: {"data":["Array","Array","Array","Array"],"element":"Array"} in /Applications/MAMP/htdocs/self-tastic/wp-content/plugins/elementor/core/base/document.php:878
Stack trace:
#0 /Applications/MAMP/htdocs/self-tastic/wp-content/plugins/astra-sites/inc/importers/batch-processing/class-astra-sites-batch-processing-elementor.php(122): Elementor\Core\Base\Document->get_elements_raw_data(Array, true)
#1 /Applications/MAMP/htdocs/self-tastic/wp-content/plugins/astra-sites/inc/importers/batch-processing/class-astra-sites-batch-processing-elementor.php(66): Elementor\TemplateLibrary\Astra_Sites_Batch_Processing_Elementor->import_single_post(801)
#2 /Applications/MAMP/htdocs/self-tastic/wp-content/plugins/astra-sites/inc/importers/batch-processing/helpers/class-wp-background-process-astra.php(41): Elementor\TemplateLibrary\Astra_Sites_Batch_Processing_Elementor->import()
#3 /Applications/MAMP/htdocs/self-tastic/wp-content/plugins/woocommerce/includes/libraries/wp-background-process.php(301): WP_Background_Process_Astra->task(Object(Elementor\TemplateLibrary\Astra_Sites_Batch_Processing_Elementor))
#4 /Applications/MAMP/htdocs/self-tastic/wp-content/plugins/woocommerce/includes/libraries/wp-background-process.php(175): WP_Background_Process->handle()
#5 /Applications/MAMP/htdocs/self-tastic/wp-includes/class-wp-hook.php(307): WP_Background_Process->maybe_handle('')
#6 /Applications/MAMP/htdocs/self-tastic/wp-includes/class-wp-hook.php(331): WP_Hook->apply_filters('', Array)
#7 /Applications/MAMP/htdocs/self-tastic/wp-includes/plugin.php(476): WP_Hook->do_action(Array)
#8 /Applications/MAMP/htdocs/self-tastic/wp-admin/admin-ajax.php(187): do_action('wp_ajax_wp_imag...')
#9 {main}
  thrown in /Applications/MAMP/htdocs/self-tastic/wp-content/plugins/elementor/core/base/document.php on line 878

2022-06-10T03:21:45+00:00 CRITICAL Uncaught Exception: Invalid data: {"data":["Array","Array","Array","Array"],"element":"Array"} in /Applications/MAMP/htdocs/self-tastic/wp-content/plugins/elementor/core/base/document.php:878
Stack trace:
#0 /Applications/MAMP/htdocs/self-tastic/wp-content/plugins/astra-sites/inc/importers/batch-processing/class-astra-sites-batch-processing-elementor.php(122): Elementor\Core\Base\Document->get_elements_raw_data(Array, true)
#1 /Applications/MAMP/htdocs/self-tastic/wp-content/plugins/astra-sites/inc/importers/batch-processing/class-astra-sites-batch-processing-elementor.php(66): Elementor\TemplateLibrary\Astra_Sites_Batch_Processing_Elementor->import_single_post(801)
#2 /Applications/MAMP/htdocs/self-tastic/wp-content/plugins/astra-sites/inc/importers/batch-processing/helpers/class-wp-background-process-astra.php(41): Elementor\TemplateLibrary\Astra_Sites_Batch_Processing_Elementor->import()
#3 /Applications/MAMP/htdocs/self-tastic/wp-content/plugins/woocommerce/includes/libraries/wp-background-process.php(301): WP_Background_Process_Astra->task(Object(Elementor\TemplateLibrary\Astra_Sites_Batch_Processing_Elementor))
#4 /Applications/MAMP/htdocs/self-tastic/wp-content/plugins/woocommerce/includes/libraries/wp-background-process.php(447): WP_Background_Process->handle()
#5 /Applications/MAMP/htdocs/self-tastic/wp-includes/class-wp-hook.php(307): WP_Background_Process->handle_cron_healthcheck()
#6 /Applications/MAMP/htdocs/self-tastic/wp-includes/class-wp-hook.php(331): WP_Hook->apply_filters('', Array)
#7 /Applications/MAMP/htdocs/self-tastic/wp-includes/plugin.php(524): WP_Hook->do_action(Array)
#8 /Applications/MAMP/htdocs/self-tastic/wp-cron.php(138): do_action_ref_array('wp_image_proces...', Array)
#9 {main}
  thrown in /Applications/MAMP/htdocs/self-tastic/wp-content/plugins/elementor/core/base/document.php on line 878

